<?xml version="1.0" encoding="UTF-8"?>
<!-- Generated by org.testng.reporters.JUnitXMLReporter -->
<testsuite ignored="0" hostname="LAPTOP-RK4H57RS" failures="0" tests="4" name="Default test" time="64.608" errors="0" timestamp="20 Apr 2022 03:00:46 GMT">
  <testcase classname="testSuites.TestCases" name="testCase1" time="1.687"/>
  <testcase classname="testSuites.TestCases" name="testCase2" time="37.0"/>
  <testcase classname="testSuites.TestCases" name="testCase3" time="4.018"/>
  <testcase classname="testSuites.TestCases" name="testCase4" time="18.697"/>
</testsuite> <!-- Default test -->
