<?xml version="1.0" encoding="UTF-8"?>
<testng-results ignored="0" total="4" passed="4" failed="0" skipped="0">
  <reporter-output>
  </reporter-output>
  <suite started-at="2022-04-20T03:06:32Z" name="Main Project" finished-at="2022-04-20T03:07:25Z" duration-ms="53567">
    <groups>
    </groups>
    <test started-at="2022-04-20T03:06:32Z" name="SeleniumTesting" finished-at="2022-04-20T03:07:25Z" duration-ms="53567">
      <class name="testSuites.TestCases">
        <test-method is-config="true" signature="invokeBrowser()[pri:0, instance:testSuites.TestCases@9d5509a]" started-at="2022-04-20T03:06:32Z" name="invokeBrowser" finished-at="2022-04-20T03:06:33Z" duration-ms="1762" status="PASS">
          <reporter-output>
          </reporter-output>
        </test-method> <!-- invokeBrowser -->
        <test-method signature="testCase1()[pri:1, instance:testSuites.TestCases@9d5509a]" started-at="2022-04-20T03:06:33Z" name="testCase1" finished-at="2022-04-20T03:06:35Z" duration-ms="1507" status="PASS">
          <reporter-output>
          </reporter-output>
        </test-method> <!-- testCase1 -->
        <test-method signature="testCase2()[pri:2, instance:testSuites.TestCases@9d5509a]" started-at="2022-04-20T03:06:35Z" name="testCase2" finished-at="2022-04-20T03:07:07Z" duration-ms="32494" status="PASS">
          <reporter-output>
          </reporter-output>
        </test-method> <!-- testCase2 -->
        <test-method signature="testCase3()[pri:3, instance:testSuites.TestCases@9d5509a]" started-at="2022-04-20T03:07:07Z" name="testCase3" finished-at="2022-04-20T03:07:11Z" duration-ms="3701" status="PASS">
          <reporter-output>
          </reporter-output>
        </test-method> <!-- testCase3 -->
        <test-method signature="testCase4()[pri:4, instance:testSuites.TestCases@9d5509a]" started-at="2022-04-20T03:07:11Z" name="testCase4" finished-at="2022-04-20T03:07:24Z" duration-ms="13160" status="PASS">
          <reporter-output>
          </reporter-output>
        </test-method> <!-- testCase4 -->
        <test-method is-config="true" signature="closeBrowser()[pri:0, instance:testSuites.TestCases@9d5509a]" started-at="2022-04-20T03:07:24Z" name="closeBrowser" finished-at="2022-04-20T03:07:25Z" duration-ms="914" status="PASS">
          <reporter-output>
          </reporter-output>
        </test-method> <!-- closeBrowser -->
      </class> <!-- testSuites.TestCases -->
    </test> <!-- SeleniumTesting -->
  </suite> <!-- Main Project -->
</testng-results>
